wear/build/outputs/mapping/release/seeds.txt
com.neolabs.alarm4.SyncListenerService
com.neolabs.alarm4.SyncedActivity
com.neolabs.alarm4.MainActivity
com.neolabs.alarm4.SyncedActivity: SyncedActivity()
com.neolabs.alarm4.SyncListenerService: SyncListenerService()
com.neolabs.alarm4.MainActivity: MainActivity()
...
androidx.core.view.WindowInsetsCompat$BuilderImpl29: void setSystemGestureInsets(androidx.core.graphics.Insets)
androidx.appcompat.resources.Compatibility$Api21Impl: void inflate(android.graphics.drawable.Drawable,android.content.res.Resources,org.xmlpull.v1.XmlPullParser,android.util.AttributeSet,android.content.res.Resources$Theme)
androidx.core.view.WindowInsetsCompat$Impl: androidx.core.graphics.Insets getSystemGestureInsets()
androidx.compose.ui.platform.coreshims.ViewStructureCompat$Api23Impl: void setClassName(android.view.ViewStructure,java.lang.String)
androidx.core.view.ViewCompat$Api28Impl: void setAccessibilityPaneTitle(android.view.View,java.lang.CharSequence)
androidx.core.widget.NestedScrollView: int getMaxScrollAmount()
com.google.android.material.textfield.TextInputLayout: int getErrorAccessibilityLiveRegion()
androidx.appcompat.widget.AppCompatTextView: void setSupportBackgroundTintList(android.content.res.ColorStateList)
androidx.core.app.RemoteActionCompatParcelizer: androidx.core.app.RemoteActionCompat read(androidx.versionedparcelable.VersionedParcel)
androidx.appcompat.widget.AppCompatTextHelper$Api17Impl: void setCompoundDrawablesRelativeWithIntrinsicBounds(android.widget.TextView,android.graphics.drawable.Drawable,android.graphics.drawable.Drawable,android.graphics.drawable.Drawable,android.graphics.drawable.Drawable)
com.google.android.material.chip.Chip: float getChipEndPadding()
androidx.constraintlayout.helper.widget.Flow: Flow(android.content.Context,android.util.AttributeSet)
com.google.android.material.button.MaterialButton: android.graphics.PorterDuff$Mode getSupportBackgroundTintMode()
com.google.android.material.textfield.TextInputLayout: void setExpandedHintEnabled(boolean)
androidx.compose.ui.text.android.StaticLayoutFactory23: android.text.StaticLayout create(androidx.compose.ui.text.android.StaticLayoutParams)
com.google.android.material.textfield.TextInputLayout: void setMinWidth(int)
androidx.compose.ui.platform.ViewLayer: long getOwnerViewId()
androidx.compose.ui.platform.coreshims.ViewStructureCompat$Api23Impl: void setContentDescription(android.view.ViewStructure,java.lang.CharSequence)
androidx.appcompat.widget.SearchView: void setQueryRefinementEnabled(boolean)
com.google.android.material.chip.Chip: android.text.TextUtils$TruncateAt getEllipsize()
com.google.android.material.snackbar.Snackbar$SnackbarLayout: void setLayoutParams(android.view.ViewGroup$LayoutParams)
kotlinx.coroutines.CoroutineStart: kotlinx.coroutines.CoroutineStart valueOf(java.lang.String)
androidx.appcompat.widget.Toolbar: int getTitleMarginTop()
androidx.recyclerview.widget.RecyclerView: androidx.recyclerview.widget.RecyclerView$ItemAnimator getItemAnimator()
com.google.android.material.chip.Chip: android.content.res.ColorStateList getChipIconTint()
androidx.appcompat.widget.AppCompatEditText: void setBackgroundResource(int)
com.google.android.material.button.MaterialButton: void setIconTintResource(int)
androidx.fragment.app.FragmentContainerView: void setLayoutTransition(android.animation.LayoutTransition)
androidx.appcompat.widget.AppCompatButton: int getAutoSizeTextType()
androidx.coordinatorlayout.widget.CoordinatorLayout: void setFitsSystemWindows(boolean)
com.google.android.material.chip.Chip: java.lang.CharSequence getAccessibilityClassName()
com.google.android.gms.common.ErrorDialogFragment: ErrorDialogFragment()
androidx.appcompat.widget.AppCompatTextHelper$Api26Impl: void setAutoSizeTextTypeUniformWithConfiguration(android.widget.TextView,int,int,int,int)
androidx.appcompat.widget.ActionBarContextView: void setCustomView(android.view.View)
androidx.lifecycle.EmptyActivityLifecycleCallbacks: void onActivityDestroyed(android.app.Activity)
androidx.appcompat.view.ContextThemeWrapper$Api17Impl: android.content.Context createConfigurationContext(androidx.appcompat.view.ContextThemeWrapper,android.content.res.Configuration)